<?xml version="1.0" encoding="UTF-8"?>
<testng-results skipped="0" failed="0" ignored="0" total="1" passed="1">
  <reporter-output>
  </reporter-output>
  <suite name="Default suite" duration-ms="53150" started-at="2019-12-21T07:50:28Z" finished-at="2019-12-21T07:51:22Z">
    <groups>
    </groups>
    <test name="Default test" duration-ms="53150" started-at="2019-12-21T07:50:28Z" finished-at="2019-12-21T07:51:22Z">
      <class name="testCases.TestCase_ClubMahindra">
        <test-method status="PASS" signature="PriceAnalysis()[pri:0, instance:testCases.TestCase_ClubMahindra@58651fd0]" name="PriceAnalysis" duration-ms="53129" started-at="2019-12-21T07:50:28Z" finished-at="2019-12-21T07:51:22Z">
          <reporter-output>
          </reporter-output>
        </test-method> <!-- PriceAnalysis -->
      </class> <!-- testCases.TestCase_ClubMahindra -->
    </test> <!-- Default test -->
  </suite> <!-- Default suite -->
</testng-results>
